<?xml version="1.0" encoding="UTF-8" ?>
<testsuite tests="6" failures="0" name="base.TriangleTest" time="0.015" errors="0" skipped="0">
  <properties>
[...]
</properties>
  <testcase classname="base.TriangleTest" name="testSide1" time="0.015"/>
  <testcase classname="base.TriangleTest" name="testSide2" time="0"/>
  <testcase classname="base.TriangleTest" name="testSide3" time="0"/>
  <testcase classname="base.TriangleTest" name="test2GetArea" time="0"/>
  <testcase classname="base.TriangleTest" name="testGetArea" time="0"/>
  <testcase classname="base.TriangleTest" name="testGetPerimeter" time="0"/>
</testsuite>